TN:
SF:/Users/qinlan/Documents/hw4/src/actions.js
FN:0,_interopRequireDefault
FN:6,resource
FN:18,(anonymous_3)
FNF:3
FNH:3
FNDA:2,_interopRequireDefault
FNDA:11,resource
FNDA:10,(anonymous_3)
DA:0,2
DA:1,1
DA:2,1
DA:4,1
DA:6,1
DA:7,11
DA:14,11
DA:17,11
DA:19,10
DA:20,9
DA:24,1
DA:28,1
DA:33,1
DA:38,1
DA:42,1
LF:15
LH:15
BRDA:0,1,0,0
BRDA:0,1,1,2
BRDA:0,2,0,2
BRDA:0,2,1,2
BRDA:14,3,0,3
BRDA:14,3,1,8
BRDA:19,4,0,9
BRDA:19,4,1,1
BRDA:20,5,0,8
BRDA:20,5,1,1
BRF:10
BRH:10
end_of_record
TN:
SF:/Users/qinlan/Documents/hw4/src/actions.spec.js
FN:0,_interopRequireDefault
FN:6,(anonymous_2)
FN:8,(anonymous_3)
FN:22,(anonymous_4)
FN:29,(anonymous_5)
FN:36,(anonymous_6)
FN:42,(anonymous_7)
FN:43,(anonymous_8)
FN:49,(anonymous_9)
FN:63,(anonymous_10)
FN:69,(anonymous_11)
FN:75,(anonymous_12)
FN:81,(anonymous_13)
FNF:13
FNH:13
FNDA:2,_interopRequireDefault
FNDA:1,(anonymous_2)
FNDA:6,(anonymous_3)
FNDA:6,(anonymous_4)
FNDA:1,(anonymous_5)
FNDA:1,(anonymous_6)
FNDA:1,(anonymous_7)
FNDA:1,(anonymous_8)
FNDA:1,(anonymous_9)
FNDA:1,(anonymous_10)
FNDA:1,(anonymous_11)
FNDA:1,(anonymous_12)
FNDA:1,(anonymous_13)
DA:0,2
DA:1,1
DA:2,1
DA:3,1
DA:6,1
DA:7,1
DA:8,1
DA:9,6
DA:10,0
DA:11,0
DA:12,0
DA:14,6
DA:15,6
DA:16,6
DA:17,6
DA:18,6
DA:19,6
DA:22,1
DA:23,6
DA:24,0
DA:25,0
DA:29,1
DA:30,1
DA:36,1
DA:37,1
DA:42,1
DA:43,1
DA:44,1
DA:49,1
DA:50,1
DA:51,1
DA:52,1
DA:56,1
DA:62,1
DA:64,1
DA:69,1
DA:70,1
DA:71,1
DA:75,1
DA:76,1
DA:77,1
DA:81,1
DA:82,1
DA:83,1
LF:44
LH:39
BRDA:0,1,0,0
BRDA:0,1,1,2
BRDA:0,2,0,2
BRDA:0,2,1,2
BRDA:9,3,0,0
BRDA:9,3,1,6
BRDA:23,4,0,0
BRDA:23,4,1,6
BRF:8
BRH:6
end_of_record
TN:
SF:/Users/qinlan/Documents/hw4/src/components/app.js
FN:0,_interopRequireDefault
FN:8,App
FN:23,(anonymous_3)
FN:28,(anonymous_4)
FNF:4
FNH:1
FNDA:4,_interopRequireDefault
FNDA:0,App
FNDA:0,(anonymous_3)
FNDA:0,(anonymous_4)
DA:0,4
DA:1,1
DA:2,1
DA:4,1
DA:5,1
DA:6,1
DA:8,1
DA:10,0
DA:11,0
DA:13,0
DA:14,0
DA:17,0
DA:22,1
DA:24,0
DA:29,0
LF:15
LH:8
BRDA:0,1,0,3
BRDA:0,1,1,1
BRDA:0,2,0,4
BRDA:0,2,1,4
BRDA:10,3,0,0
BRDA:10,3,1,0
BRDA:13,4,0,0
BRDA:13,4,1,0
BRF:8
BRH:4
end_of_record
TN:
SF:/Users/qinlan/Documents/hw4/src/components/auth/landing.js
FN:0,_interopRequireDefault
FN:8,Landing
FNF:2
FNH:1
FNDA:3,_interopRequireDefault
FNDA:0,Landing
DA:0,3
DA:1,1
DA:2,1
DA:4,1
DA:5,1
DA:8,1
DA:9,0
DA:26,1
LF:8
LH:7
BRDA:0,1,0,2
BRDA:0,1,1,1
BRDA:0,2,0,3
BRDA:0,2,1,3
BRF:4
BRH:4
end_of_record
TN:
SF:/Users/qinlan/Documents/hw4/src/components/auth/register.js
FN:0,_interopRequireDefault
FN:5,Register
FN:20,ref
FN:25,ref
FN:30,ref
FN:35,ref
FN:40,ref
FN:45,ref
FN:50,ref
FN:54,onClick
FN:67,validateInfo
FN:137,validate
FN:144,addthisOne
FN:155,validateAccountName
FN:163,validateEmail
FN:171,validatePhone
FN:179,validateZipCode
FN:187,validatePassword
FN:200,(anonymous_19)
FNF:19
FNH:1
FNDA:1,_interopRequireDefault
FNDA:0,Register
FNDA:0,ref
FNDA:0,ref
FNDA:0,ref
FNDA:0,ref
FNDA:0,ref
FNDA:0,ref
FNDA:0,ref
FNDA:0,onClick
FNDA:0,validateInfo
FNDA:0,validate
FNDA:0,addthisOne
FNDA:0,validateAccountName
FNDA:0,validateEmail
FNDA:0,validatePhone
FNDA:0,validateZipCode
FNDA:0,validatePassword
FNDA:0,(anonymous_19)
DA:0,1
DA:1,1
DA:2,1
DA:3,1
DA:5,1
DA:6,0
DA:7,0
DA:8,0
DA:9,0
DA:10,0
DA:11,0
DA:12,0
DA:14,0
DA:20,0
DA:25,0
DA:30,0
DA:35,0
DA:40,0
DA:45,0
DA:50,0
DA:55,0
DA:56,0
DA:67,1
DA:70,0
DA:71,0
DA:72,0
DA:74,0
DA:75,0
DA:76,0
DA:78,0
DA:79,0
DA:80,0
DA:83,0
DA:84,0
DA:85,0
DA:87,0
DA:88,0
DA:89,0
DA:91,0
DA:92,0
DA:93,0
DA:96,0
DA:97,0
DA:98,0
DA:100,0
DA:101,0
DA:102,0
DA:105,0
DA:106,0
DA:107,0
DA:109,0
DA:110,0
DA:111,0
DA:115,0
DA:116,0
DA:117,0
DA:119,0
DA:120,0
DA:121,0
DA:123,0
DA:124,0
DA:125,0
DA:128,0
DA:129,0
DA:133,0
DA:137,1
DA:138,0
DA:139,0
DA:141,0
DA:144,1
DA:145,0
DA:152,0
DA:155,1
DA:156,0
DA:157,0
DA:158,0
DA:160,0
DA:163,1
DA:164,0
DA:165,0
DA:166,0
DA:168,0
DA:171,1
DA:172,0
DA:173,0
DA:174,0
DA:176,0
DA:179,1
DA:180,0
DA:181,0
DA:182,0
DA:184,0
DA:187,1
DA:188,0
DA:190,0
DA:192,0
DA:195,1
DA:199,1
DA:201,0
LF:99
LH:15
BRDA:0,1,0,0
BRDA:0,1,1,1
BRDA:0,2,0,1
BRDA:0,2,1,1
BRDA:74,3,0,0
BRDA:74,3,1,0
BRDA:78,4,0,0
BRDA:78,4,1,0
BRDA:83,5,0,0
BRDA:83,5,1,0
BRDA:87,6,0,0
BRDA:87,6,1,0
BRDA:91,7,0,0
BRDA:91,7,1,0
BRDA:96,8,0,0
BRDA:96,8,1,0
BRDA:100,9,0,0
BRDA:100,9,1,0
BRDA:105,10,0,0
BRDA:105,10,1,0
BRDA:109,11,0,0
BRDA:109,11,1,0
BRDA:115,12,0,0
BRDA:115,12,1,0
BRDA:119,13,0,0
BRDA:119,13,1,0
BRDA:123,14,0,0
BRDA:123,14,1,0
BRDA:128,15,0,0
BRDA:128,15,1,0
BRDA:138,16,0,0
BRDA:138,16,1,0
BRDA:138,17,0,0
BRDA:138,17,1,0
BRDA:157,18,0,0
BRDA:157,18,1,0
BRDA:157,19,0,0
BRDA:157,19,1,0
BRDA:165,20,0,0
BRDA:165,20,1,0
BRDA:165,21,0,0
BRDA:165,21,1,0
BRDA:173,22,0,0
BRDA:173,22,1,0
BRDA:173,23,0,0
BRDA:173,23,1,0
BRDA:181,24,0,0
BRDA:181,24,1,0
BRDA:181,25,0,0
BRDA:181,25,1,0
BRDA:188,26,0,0
BRDA:188,26,1,0
BRDA:188,27,0,0
BRDA:188,27,1,0
BRDA:188,27,2,0
BRF:55
BRH:4
end_of_record
TN:
SF:/Users/qinlan/Documents/hw4/src/components/auth/authActions.js
FN:5,init
FN:6,(anonymous_2)
FN:8,(anonymous_3)
FN:18,login
FN:21,(anonymous_5)
FN:23,(anonymous_6)
FN:27,(anonymous_7)
FN:33,register
FN:34,(anonymous_9)
FN:36,(anonymous_10)
FN:40,(anonymous_11)
FN:47,logout
FN:48,(anonymous_13)
FN:50,(anonymous_14)
FN:53,(anonymous_15)
FNF:15
FNH:8
FNDA:1,init
FNDA:0,(anonymous_2)
FNDA:0,(anonymous_3)
FNDA:2,login
FNDA:2,(anonymous_5)
FNDA:1,(anonymous_6)
FNDA:1,(anonymous_7)
FNDA:0,register
FNDA:0,(anonymous_9)
FNDA:0,(anonymous_10)
FNDA:0,(anonymous_11)
FNDA:1,logout
FNDA:1,(anonymous_13)
FNDA:1,(anonymous_14)
FNDA:0,(anonymous_15)
DA:0,1
DA:1,1
DA:2,1
DA:3,1
DA:4,1
DA:5,1
DA:6,1
DA:7,0
DA:9,0
DA:10,0
DA:12,0
DA:13,0
DA:14,0
DA:18,2
DA:19,2
DA:20,2
DA:21,2
DA:22,2
DA:24,1
DA:25,1
DA:28,1
DA:33,1
DA:34,0
DA:35,0
DA:38,0
DA:41,0
DA:42,0
DA:47,1
DA:48,1
DA:49,1
DA:51,1
DA:54,0
LF:32
LH:20
BRF:0
BRH:0
end_of_record
TN:
SF:/Users/qinlan/Documents/hw4/src/components/article/articleActions.js
FN:3,initArticles
FN:4,(anonymous_2)
FN:7,(anonymous_3)
FN:10,(anonymous_4)
FN:14,addNewArticle
FN:15,(anonymous_6)
FN:18,(anonymous_7)
FN:22,(anonymous_8)
FNF:8
FNH:3
FNDA:1,initArticles
FNDA:1,(anonymous_2)
FNDA:1,(anonymous_3)
FNDA:0,(anonymous_4)
FNDA:0,addNewArticle
FNDA:0,(anonymous_6)
FNDA:0,(anonymous_7)
FNDA:0,(anonymous_8)
DA:0,1
DA:1,1
DA:2,1
DA:3,1
DA:4,1
DA:5,1
DA:6,1
DA:8,1
DA:10,0
DA:14,1
DA:15,0
DA:16,0
DA:17,0
DA:19,0
DA:20,0
DA:22,0
LF:16
LH:9
BRF:0
BRH:0
end_of_record
TN:
SF:/Users/qinlan/Documents/hw4/src/components/main/followingActions.js
FN:4,initFollowing
FN:5,(anonymous_2)
FN:8,(anonymous_3)
FN:9,(anonymous_4)
FN:13,(anonymous_5)
FN:17,addFollowing
FN:19,(anonymous_7)
FN:21,(anonymous_8)
FN:30,(anonymous_9)
FN:34,removeFollowing
FN:35,(anonymous_11)
FN:37,(anonymous_12)
FN:44,displayFollowing
FN:45,(anonymous_14)
FN:50,(anonymous_15)
FN:52,(anonymous_16)
FN:53,(anonymous_17)
FNF:17
FNH:0
FNDA:0,initFollowing
FNDA:0,(anonymous_2)
FNDA:0,(anonymous_3)
FNDA:0,(anonymous_4)
FNDA:0,(anonymous_5)
FNDA:0,addFollowing
FNDA:0,(anonymous_7)
FNDA:0,(anonymous_8)
FNDA:0,(anonymous_9)
FNDA:0,removeFollowing
FNDA:0,(anonymous_11)
FNDA:0,(anonymous_12)
FNDA:0,displayFollowing
FNDA:0,(anonymous_14)
FNDA:0,(anonymous_15)
FNDA:0,(anonymous_16)
FNDA:0,(anonymous_17)
DA:0,1
DA:1,1
DA:2,1
DA:4,1
DA:5,0
DA:6,0
DA:7,0
DA:9,0
DA:10,0
DA:13,0
DA:17,1
DA:19,0
DA:20,0
DA:22,0
DA:23,0
DA:26,0
DA:27,0
DA:30,0
DA:34,1
DA:35,0
DA:36,0
DA:38,0
DA:39,0
DA:44,1
DA:45,0
DA:46,0
DA:49,0
DA:50,0
DA:51,0
DA:52,0
DA:53,0
DA:54,0
LF:32
LH:7
BRDA:22,1,0,0
BRDA:22,1,1,0
BRF:2
BRH:0
end_of_record
TN:
SF:/Users/qinlan/Documents/hw4/src/components/profile/profileFormActions.js
FN:3,initProfile
FN:4,(anonymous_2)
FN:9,(anonymous_3)
FN:11,(anonymous_4)
FN:13,(anonymous_5)
FN:15,(anonymous_6)
FN:16,(anonymous_7)
FN:22,updateProfile
FN:23,(anonymous_9)
FN:27,(anonymous_10)
FNF:10
FNH:7
FNDA:1,initProfile
FNDA:1,(anonymous_2)
FNDA:1,(anonymous_3)
FNDA:1,(anonymous_4)
FNDA:1,(anonymous_5)
FNDA:1,(anonymous_6)
FNDA:1,(anonymous_7)
FNDA:0,updateProfile
FNDA:0,(anonymous_9)
FNDA:0,(anonymous_10)
DA:0,1
DA:1,1
DA:3,1
DA:4,1
DA:5,1
DA:8,1
DA:9,1
DA:10,1
DA:11,1
DA:12,1
DA:13,1
DA:14,1
DA:15,1
DA:16,1
DA:17,1
DA:22,1
DA:23,0
DA:24,0
DA:25,0
DA:26,0
DA:27,0
DA:28,0
LF:22
LH:16
BRF:0
BRH:0
end_of_record
TN:
SF:/Users/qinlan/Documents/hw4/src/components/auth/login.js
FN:0,_interopRequireDefault
FN:5,Login
FN:16,ref
FN:20,ref
FN:24,onClick
FN:38,getInfo
FN:60,(anonymous_7)
FNF:7
FNH:1
FNDA:1,_interopRequireDefault
FNDA:0,Login
FNDA:0,ref
FNDA:0,ref
FNDA:0,onClick
FNDA:0,getInfo
FNDA:0,(anonymous_7)
DA:0,1
DA:1,1
DA:2,1
DA:3,1
DA:5,1
DA:6,0
DA:7,0
DA:9,0
DA:16,0
DA:20,0
DA:25,0
DA:38,1
DA:39,0
DA:40,0
DA:41,0
DA:44,0
DA:49,0
DA:54,1
DA:59,1
DA:61,0
LF:20
LH:8
BRDA:0,1,0,0
BRDA:0,1,1,1
BRDA:0,2,0,1
BRDA:0,2,1,1
BRDA:40,3,0,0
BRDA:40,3,1,0
BRDA:40,4,0,0
BRDA:40,4,1,0
BRF:8
BRH:4
end_of_record
TN:
SF:/Users/qinlan/Documents/hw4/src/components/profile/profile.js
FN:0,_interopRequireDefault
FN:5,Profile
FN:11,onClick
FN:22,goMain
FN:33,(anonymous_5)
FNF:5
FNH:1
FNDA:2,_interopRequireDefault
FNDA:0,Profile
FNDA:0,onClick
FNDA:0,goMain
FNDA:0,(anonymous_5)
DA:0,2
DA:1,1
DA:2,1
DA:3,1
DA:5,1
DA:6,0
DA:8,0
DA:12,0
DA:13,0
DA:22,1
DA:23,0
DA:24,0
DA:25,0
DA:28,1
DA:32,1
DA:34,0
LF:16
LH:8
BRDA:0,1,0,1
BRDA:0,1,1,1
BRDA:0,2,0,2
BRDA:0,2,1,2
BRF:4
BRH:4
end_of_record
TN:
SF:/Users/qinlan/Documents/hw4/src/components/profile/profileform.js
FN:0,_interopRequireDefault
FN:5,ProfileForm
FN:27,ref
FN:32,ref
FN:38,ref
FN:43,ref
FN:48,ref
FN:53,ref
FN:58,ref
FN:65,onClick
FN:78,validateInfo
FN:121,IsNotchanged
FN:133,addthisOne
FN:159,validateAccountName
FN:167,validateEmail
FN:175,validatePhone
FN:183,validateZipCode
FN:191,validatePassword
FN:206,(anonymous_19)
FNF:19
FNH:1
FNDA:1,_interopRequireDefault
FNDA:0,ProfileForm
FNDA:0,ref
FNDA:0,ref
FNDA:0,ref
FNDA:0,ref
FNDA:0,ref
FNDA:0,ref
FNDA:0,ref
FNDA:0,onClick
FNDA:0,validateInfo
FNDA:0,IsNotchanged
FNDA:0,addthisOne
FNDA:0,validateAccountName
FNDA:0,validateEmail
FNDA:0,validatePhone
FNDA:0,validateZipCode
FNDA:0,validatePassword
FNDA:0,(anonymous_19)
DA:0,1
DA:1,1
DA:2,1
DA:3,1
DA:5,1
DA:6,0
DA:7,0
DA:8,0
DA:9,0
DA:10,0
DA:11,0
DA:12,0
DA:13,0
DA:15,0
DA:27,0
DA:32,0
DA:38,0
DA:43,0
DA:48,0
DA:53,0
DA:58,0
DA:66,0
DA:67,0
DA:78,1
DA:79,0
DA:80,0
DA:81,0
DA:83,0
DA:84,0
DA:85,0
DA:88,0
DA:89,0
DA:90,0
DA:93,0
DA:94,0
DA:95,0
DA:99,0
DA:100,0
DA:101,0
DA:104,0
DA:105,0
DA:106,0
DA:107,0
DA:110,0
DA:111,0
DA:112,0
DA:116,0
DA:117,0
DA:121,1
DA:122,0
DA:123,0
DA:124,0
DA:128,0
DA:130,0
DA:133,1
DA:134,0
DA:135,0
DA:136,0
DA:137,0
DA:138,0
DA:139,0
DA:140,0
DA:141,0
DA:142,0
DA:143,0
DA:144,0
DA:145,0
DA:146,0
DA:147,0
DA:148,0
DA:149,0
DA:156,0
DA:159,1
DA:160,0
DA:161,0
DA:162,0
DA:164,0
DA:167,1
DA:168,0
DA:169,0
DA:170,0
DA:172,0
DA:175,1
DA:176,0
DA:177,0
DA:178,0
DA:180,0
DA:183,1
DA:184,0
DA:185,0
DA:186,0
DA:188,0
DA:191,1
DA:192,0
DA:193,0
DA:195,0
DA:196,0
DA:198,0
DA:201,1
DA:205,1
DA:207,0
LF:101
LH:15
BRDA:0,1,0,0
BRDA:0,1,1,1
BRDA:0,2,0,1
BRDA:0,2,1,1
BRDA:83,3,0,0
BRDA:83,3,1,0
BRDA:88,4,0,0
BRDA:88,4,1,0
BRDA:93,5,0,0
BRDA:93,5,1,0
BRDA:99,6,0,0
BRDA:99,6,1,0
BRDA:104,7,0,0
BRDA:104,7,1,0
BRDA:105,8,0,0
BRDA:105,8,1,0
BRDA:124,9,0,0
BRDA:124,9,1,0
BRDA:124,10,0,0
BRDA:124,10,1,0
BRDA:124,10,2,0
BRDA:124,10,3,0
BRDA:124,10,4,0
BRDA:124,10,5,0
BRDA:124,10,6,0
BRDA:124,10,7,0
BRDA:124,10,8,0
BRDA:124,10,9,0
BRDA:124,10,10,0
BRDA:124,10,11,0
BRDA:141,11,0,0
BRDA:141,11,1,0
BRDA:144,12,0,0
BRDA:144,12,1,0
BRDA:146,13,0,0
BRDA:146,13,1,0
BRDA:161,14,0,0
BRDA:161,14,1,0
BRDA:161,15,0,0
BRDA:161,15,1,0
BRDA:161,15,2,0
BRDA:169,16,0,0
BRDA:169,16,1,0
BRDA:169,17,0,0
BRDA:169,17,1,0
BRDA:169,17,2,0
BRDA:177,18,0,0
BRDA:177,18,1,0
BRDA:177,19,0,0
BRDA:177,19,1,0
BRDA:177,19,2,0
BRDA:185,20,0,0
BRDA:185,20,1,0
BRDA:185,21,0,0
BRDA:185,21,1,0
BRDA:185,21,2,0
BRDA:192,22,0,0
BRDA:192,22,1,0
BRDA:192,23,0,0
BRDA:192,23,1,0
BRDA:192,23,2,0
BRDA:192,23,3,0
BRDA:195,24,0,0
BRDA:195,24,1,0
BRF:64
BRH:4
end_of_record
TN:
SF:/Users/qinlan/Documents/hw4/src/components/main/main.js
FN:0,_interopRequireDefault
FN:0,_objectDestructuringEmpty
FN:8,Main
FNF:3
FNH:2
FNDA:5,_interopRequireDefault
FNDA:0,_objectDestructuringEmpty
FNDA:0,Main
DA:0,5
DA:1,1
DA:2,1
DA:3,1
DA:4,1
DA:5,1
DA:6,1
DA:8,1
DA:9,0
DA:37,1
LF:10
LH:9
BRDA:0,1,0,4
BRDA:0,1,1,1
BRDA:0,2,0,5
BRDA:0,2,1,5
BRDA:0,3,0,0
BRDA:0,3,1,0
BRF:6
BRH:6
end_of_record
TN:
SF:/Users/qinlan/Documents/hw4/src/components/main/headline.js
FN:0,_interopRequireDefault
FN:6,Headline
FN:14,ref
FN:17,onClick
FN:26,changeHeadline
FN:29,(anonymous_6)
FN:41,(anonymous_7)
FNF:7
FNH:1
FNDA:1,_interopRequireDefault
FNDA:0,Headline
FNDA:0,ref
FNDA:0,onClick
FNDA:0,changeHeadline
FNDA:0,(anonymous_6)
FNDA:0,(anonymous_7)
DA:0,1
DA:1,1
DA:2,1
DA:3,1
DA:6,1
DA:7,0
DA:9,0
DA:14,0
DA:18,0
DA:19,0
DA:26,1
DA:27,0
DA:28,0
DA:30,0
DA:32,0
DA:36,1
DA:40,1
DA:42,0
LF:18
LH:8
BRDA:0,1,0,0
BRDA:0,1,1,1
BRDA:0,2,0,1
BRDA:0,2,1,1
BRDA:27,3,0,0
BRDA:27,3,1,0
BRF:6
BRH:4
end_of_record
TN:
SF:/Users/qinlan/Documents/hw4/src/components/main/nav.js
FN:0,_interopRequireDefault
FN:4,Nav
FN:9,onClick
FN:14,onClick
FN:23,goProfile
FN:29,goLanding
FN:40,(anonymous_7)
FN:46,(anonymous_8)
FN:48,logout
FNF:9
FNH:1
FNDA:1,_interopRequireDefault
FNDA:0,Nav
FNDA:0,onClick
FNDA:0,onClick
FNDA:0,goProfile
FNDA:0,goLanding
FNDA:0,(anonymous_7)
FNDA:0,(anonymous_8)
FNDA:0,logout
DA:0,1
DA:1,1
DA:2,1
DA:4,1
DA:5,0
DA:7,0
DA:10,0
DA:11,0
DA:15,0
DA:16,0
DA:23,1
DA:25,0
DA:26,0
DA:29,1
DA:32,0
DA:33,0
DA:36,1
DA:39,1
DA:41,0
DA:47,0
DA:48,0
LF:21
LH:8
BRDA:0,1,0,0
BRDA:0,1,1,1
BRDA:0,2,0,1
BRDA:0,2,1,1
BRF:4
BRH:4
end_of_record
TN:
SF:/Users/qinlan/Documents/hw4/src/components/main/following.js
FN:0,_interopRequireDefault
FN:6,User
FN:14,onClick
FN:23,Following
FN:29,(anonymous_5)
FN:40,onClick
FN:48,addfollower
FN:60,removefollower
FN:65,(anonymous_9)
FNF:9
FNH:1
FNDA:1,_interopRequireDefault
FNDA:0,User
FNDA:0,onClick
FNDA:0,Following
FNDA:0,(anonymous_5)
FNDA:0,onClick
FNDA:0,addfollower
FNDA:0,removefollower
FNDA:0,(anonymous_9)
DA:0,1
DA:1,1
DA:2,1
DA:3,1
DA:6,1
DA:8,0
DA:14,0
DA:23,1
DA:25,0
DA:31,0
DA:41,0
DA:48,1
DA:49,0
DA:50,0
DA:51,0
DA:54,0
DA:55,0
DA:56,0
DA:60,1
DA:61,0
DA:64,1
DA:66,0
LF:22
LH:9
BRDA:0,1,0,0
BRDA:0,1,1,1
BRDA:0,2,0,1
BRDA:0,2,1,1
BRDA:50,3,0,0
BRDA:50,3,1,0
BRF:6
BRH:4
end_of_record
TN:
SF:/Users/qinlan/Documents/hw4/src/components/article/article.js
FN:0,_interopRequireDefault
FN:6,Article
FNF:2
FNH:1
FNDA:3,_interopRequireDefault
FNDA:0,Article
DA:0,3
DA:1,1
DA:2,1
DA:3,1
DA:6,1
DA:8,0
DA:17,1
LF:7
LH:6
BRDA:0,1,0,2
BRDA:0,1,1,1
BRDA:0,2,0,3
BRDA:0,2,1,3
BRF:4
BRH:4
end_of_record
TN:
SF:/Users/qinlan/Documents/hw4/src/components/article/newArticle.js
FN:0,_interopRequireDefault
FN:6,NewArticle
FN:16,onClick
FN:21,onClick
FN:29,getPicture
FN:43,(anonymous_6)
FNF:6
FNH:1
FNDA:1,_interopRequireDefault
FNDA:0,NewArticle
FNDA:0,onClick
FNDA:0,onClick
FNDA:0,getPicture
FNDA:0,(anonymous_6)
DA:0,1
DA:1,1
DA:2,1
DA:3,1
DA:6,1
DA:8,0
DA:17,0
DA:18,0
DA:19,0
DA:22,0
DA:29,1
DA:30,0
DA:31,0
DA:32,0
DA:33,0
DA:34,0
DA:35,0
DA:37,0
DA:39,0
DA:42,1
DA:44,0
LF:21
LH:7
BRDA:0,1,0,0
BRDA:0,1,1,1
BRDA:0,2,0,1
BRDA:0,2,1,1
BRDA:32,3,0,0
BRDA:32,3,1,0
BRDA:34,4,0,0
BRDA:34,4,1,0
BRDA:34,5,0,0
BRDA:34,5,1,0
BRDA:34,5,2,0
BRF:11
BRH:4
end_of_record
TN:
SF:/Users/qinlan/Documents/hw4/src/components/article/articlesView.js
FN:0,_interopRequireDefault
FN:7,Card
FN:20,(anonymous_3)
FN:42,ArticlesView
FN:47,onChange
FN:52,(anonymous_6)
FN:66,dosearch
FN:76,(anonymous_8)
FN:82,(anonymous_9)
FN:84,resumeArticles
FN:85,filterArticles
FNF:11
FNH:3
FNDA:1,_interopRequireDefault
FNDA:0,Card
FNDA:0,(anonymous_3)
FNDA:2,ArticlesView
FNDA:0,onChange
FNDA:3,(anonymous_6)
FNDA:0,dosearch
FNDA:0,(anonymous_8)
FNDA:0,(anonymous_9)
FNDA:0,resumeArticles
FNDA:0,filterArticles
DA:0,1
DA:1,1
DA:2,1
DA:4,1
DA:5,1
DA:7,1
DA:8,0
DA:22,0
DA:42,2
DA:43,2
DA:47,0
DA:54,3
DA:66,1
DA:67,0
DA:68,0
DA:71,0
DA:75,1
DA:77,0
DA:83,0
DA:84,0
DA:85,0
LF:21
LH:11
BRDA:0,1,0,0
BRDA:0,1,1,1
BRDA:0,2,0,1
BRDA:0,2,1,1
BRDA:19,3,0,0
BRDA:19,3,1,0
BRDA:33,4,0,0
BRDA:33,4,1,0
BRDA:32,5,0,0
BRDA:32,5,1,0
BRDA:68,6,0,0
BRDA:68,6,1,0
BRDA:68,7,0,0
BRDA:68,7,1,0
BRF:14
BRH:4
end_of_record
TN:
SF:/Users/qinlan/Documents/hw4/src/components/article/articleActions.spec.js
FN:0,_interopRequireDefault
FN:5,(anonymous_2)
FN:8,(anonymous_3)
FN:20,(anonymous_4)
FN:27,(anonymous_5)
FN:36,(anonymous_6)
FN:48,(anonymous_7)
FNF:7
FNH:7
FNDA:2,_interopRequireDefault
FNDA:1,(anonymous_2)
FNDA:2,(anonymous_3)
FNDA:2,(anonymous_4)
FNDA:1,(anonymous_5)
FNDA:2,(anonymous_6)
FNDA:1,(anonymous_7)
DA:0,2
DA:1,1
DA:2,1
DA:3,1
DA:5,1
DA:6,1
DA:8,1
DA:9,2
DA:10,0
DA:11,0
DA:12,0
DA:14,2
DA:15,2
DA:16,2
DA:17,2
DA:20,1
DA:21,2
DA:22,0
DA:23,0
DA:27,1
DA:28,1
DA:34,1
DA:36,1
DA:37,2
DA:38,1
DA:41,1
DA:48,1
LF:27
LH:22
BRDA:0,1,0,0
BRDA:0,1,1,2
BRDA:0,2,0,2
BRDA:0,2,1,2
BRDA:9,3,0,0
BRDA:9,3,1,2
BRDA:21,4,0,0
BRDA:21,4,1,2
BRDA:37,5,0,1
BRDA:37,5,1,1
BRF:10
BRH:8
end_of_record
TN:
SF:/Users/qinlan/Documents/hw4/src/components/article/articlesView.spec.js
FN:0,_interopRequireDefault
FN:8,(anonymous_2)
FN:12,(anonymous_3)
FN:23,(anonymous_4)
FN:30,(anonymous_5)
FN:34,resumeArticles
FN:34,filterArticles
FN:41,(anonymous_8)
FN:45,resumeArticles
FN:45,filterArticles
FNF:10
FNH:6
FNDA:2,_interopRequireDefault
FNDA:1,(anonymous_2)
FNDA:2,(anonymous_3)
FNDA:2,(anonymous_4)
FNDA:1,(anonymous_5)
FNDA:0,resumeArticles
FNDA:0,filterArticles
FNDA:1,(anonymous_8)
FNDA:0,resumeArticles
FNDA:0,filterArticles
DA:0,2
DA:1,1
DA:2,1
DA:3,1
DA:4,1
DA:5,1
DA:8,1
DA:10,1
DA:12,1
DA:13,2
DA:14,0
DA:15,0
DA:16,0
DA:18,2
DA:19,2
DA:20,2
DA:23,1
DA:24,2
DA:25,0
DA:26,0
DA:30,1
DA:32,1
DA:33,1
DA:34,0
DA:36,1
DA:37,1
DA:41,1
DA:43,1
DA:44,1
DA:45,0
DA:48,1
DA:49,1
LF:32
LH:25
BRDA:0,1,0,0
BRDA:0,1,1,2
BRDA:0,2,0,2
BRDA:0,2,1,2
BRDA:13,3,0,0
BRDA:13,3,1,2
BRDA:24,4,0,0
BRDA:24,4,1,2
BRF:8
BRH:6
end_of_record
TN:
SF:/Users/qinlan/Documents/hw4/src/components/auth/authActions.spec.js
FN:0,_interopRequireDefault
FN:5,(anonymous_2)
FN:9,(anonymous_3)
FN:22,(anonymous_4)
FN:30,(anonymous_5)
FN:45,(anonymous_6)
FN:58,(anonymous_7)
FN:74,(anonymous_8)
FN:81,(anonymous_9)
FN:91,(anonymous_10)
FNF:10
FNH:10
FNDA:2,_interopRequireDefault
FNDA:1,(anonymous_2)
FNDA:3,(anonymous_3)
FNDA:3,(anonymous_4)
FNDA:1,(anonymous_5)
FNDA:2,(anonymous_6)
FNDA:1,(anonymous_7)
FNDA:1,(anonymous_8)
FNDA:1,(anonymous_9)
FNDA:1,(anonymous_10)
DA:0,2
DA:1,1
DA:2,1
DA:3,1
DA:5,1
DA:7,1
DA:9,1
DA:10,3
DA:11,0
DA:12,0
DA:13,0
DA:15,3
DA:16,3
DA:17,3
DA:18,3
DA:19,3
DA:22,1
DA:23,3
DA:24,0
DA:25,0
DA:30,1
DA:31,1
DA:32,1
DA:33,1
DA:37,1
DA:43,1
DA:44,1
DA:46,2
DA:47,1
DA:48,1
DA:49,1
DA:50,1
DA:58,1
DA:60,1
DA:61,1
DA:62,1
DA:66,1
DA:73,1
DA:75,1
DA:81,1
DA:83,1
DA:88,1
DA:91,1
DA:92,1
DA:93,1
DA:94,1
LF:46
LH:41
BRDA:0,1,0,0
BRDA:0,1,1,2
BRDA:0,2,0,2
BRDA:0,2,1,2
BRDA:10,3,0,0
BRDA:10,3,1,3
BRDA:23,4,0,0
BRDA:23,4,1,3
BRDA:46,5,0,1
BRDA:46,5,1,1
BRF:10
BRH:8
end_of_record
TN:
SF:/Users/qinlan/Documents/hw4/src/components/profile/profileForm.js
FN:0,_interopRequireDefault
FN:5,ProfileForm
FN:27,ref
FN:32,ref
FN:38,ref
FN:43,ref
FN:48,ref
FN:53,ref
FN:58,ref
FN:65,onClick
FN:78,validateInfo
FN:121,IsNotchanged
FN:133,addthisOne
FN:159,validateAccountName
FN:167,validateEmail
FN:175,validatePhone
FN:183,validateZipCode
FN:191,validatePassword
FN:206,(anonymous_19)
FNF:19
FNH:1
FNDA:1,_interopRequireDefault
FNDA:0,ProfileForm
FNDA:0,ref
FNDA:0,ref
FNDA:0,ref
FNDA:0,ref
FNDA:0,ref
FNDA:0,ref
FNDA:0,ref
FNDA:0,onClick
FNDA:0,validateInfo
FNDA:0,IsNotchanged
FNDA:0,addthisOne
FNDA:0,validateAccountName
FNDA:0,validateEmail
FNDA:0,validatePhone
FNDA:0,validateZipCode
FNDA:0,validatePassword
FNDA:0,(anonymous_19)
DA:0,1
DA:1,1
DA:2,1
DA:3,1
DA:5,1
DA:6,0
DA:7,0
DA:8,0
DA:9,0
DA:10,0
DA:11,0
DA:12,0
DA:13,0
DA:15,0
DA:27,0
DA:32,0
DA:38,0
DA:43,0
DA:48,0
DA:53,0
DA:58,0
DA:66,0
DA:67,0
DA:78,1
DA:79,0
DA:80,0
DA:81,0
DA:83,0
DA:84,0
DA:85,0
DA:88,0
DA:89,0
DA:90,0
DA:93,0
DA:94,0
DA:95,0
DA:99,0
DA:100,0
DA:101,0
DA:104,0
DA:105,0
DA:106,0
DA:107,0
DA:110,0
DA:111,0
DA:112,0
DA:116,0
DA:117,0
DA:121,1
DA:122,0
DA:123,0
DA:124,0
DA:128,0
DA:130,0
DA:133,1
DA:134,0
DA:135,0
DA:136,0
DA:137,0
DA:138,0
DA:139,0
DA:140,0
DA:141,0
DA:142,0
DA:143,0
DA:144,0
DA:145,0
DA:146,0
DA:147,0
DA:148,0
DA:149,0
DA:156,0
DA:159,1
DA:160,0
DA:161,0
DA:162,0
DA:164,0
DA:167,1
DA:168,0
DA:169,0
DA:170,0
DA:172,0
DA:175,1
DA:176,0
DA:177,0
DA:178,0
DA:180,0
DA:183,1
DA:184,0
DA:185,0
DA:186,0
DA:188,0
DA:191,1
DA:192,0
DA:193,0
DA:195,0
DA:196,0
DA:198,0
DA:201,1
DA:205,1
DA:207,0
LF:101
LH:15
BRDA:0,1,0,0
BRDA:0,1,1,1
BRDA:0,2,0,1
BRDA:0,2,1,1
BRDA:83,3,0,0
BRDA:83,3,1,0
BRDA:88,4,0,0
BRDA:88,4,1,0
BRDA:93,5,0,0
BRDA:93,5,1,0
BRDA:99,6,0,0
BRDA:99,6,1,0
BRDA:104,7,0,0
BRDA:104,7,1,0
BRDA:105,8,0,0
BRDA:105,8,1,0
BRDA:124,9,0,0
BRDA:124,9,1,0
BRDA:124,10,0,0
BRDA:124,10,1,0
BRDA:124,10,2,0
BRDA:124,10,3,0
BRDA:124,10,4,0
BRDA:124,10,5,0
BRDA:124,10,6,0
BRDA:124,10,7,0
BRDA:124,10,8,0
BRDA:124,10,9,0
BRDA:124,10,10,0
BRDA:124,10,11,0
BRDA:141,11,0,0
BRDA:141,11,1,0
BRDA:144,12,0,0
BRDA:144,12,1,0
BRDA:146,13,0,0
BRDA:146,13,1,0
BRDA:161,14,0,0
BRDA:161,14,1,0
BRDA:161,15,0,0
BRDA:161,15,1,0
BRDA:161,15,2,0
BRDA:169,16,0,0
BRDA:169,16,1,0
BRDA:169,17,0,0
BRDA:169,17,1,0
BRDA:169,17,2,0
BRDA:177,18,0,0
BRDA:177,18,1,0
BRDA:177,19,0,0
BRDA:177,19,1,0
BRDA:177,19,2,0
BRDA:185,20,0,0
BRDA:185,20,1,0
BRDA:185,21,0,0
BRDA:185,21,1,0
BRDA:185,21,2,0
BRDA:192,22,0,0
BRDA:192,22,1,0
BRDA:192,23,0,0
BRDA:192,23,1,0
BRDA:192,23,2,0
BRDA:192,23,3,0
BRDA:195,24,0,0
BRDA:195,24,1,0
BRF:64
BRH:4
end_of_record
TN:
SF:/Users/qinlan/Documents/hw4/src/components/profile/profileFormActions.spec.js
FN:0,_interopRequireDefault
FN:5,(anonymous_2)
FN:9,(anonymous_3)
FN:21,(anonymous_4)
FN:28,(anonymous_5)
FN:53,(anonymous_6)
FN:63,(anonymous_7)
FNF:7
FNH:7
FNDA:2,_interopRequireDefault
FNDA:1,(anonymous_2)
FNDA:2,(anonymous_3)
FNDA:2,(anonymous_4)
FNDA:1,(anonymous_5)
FNDA:1,(anonymous_6)
FNDA:1,(anonymous_7)
DA:0,2
DA:1,1
DA:2,1
DA:3,1
DA:5,1
DA:7,1
DA:9,1
DA:10,2
DA:11,0
DA:12,0
DA:13,0
DA:15,2
DA:16,2
DA:17,2
DA:18,2
DA:21,1
DA:22,2
DA:23,0
DA:24,0
DA:28,1
DA:30,1
DA:35,1
DA:40,1
DA:45,1
DA:51,1
DA:53,1
DA:54,1
DA:55,1
DA:56,1
DA:57,1
DA:63,1
DA:64,1
DA:67,1
DA:72,1
DA:73,1
LF:35
LH:30
BRDA:0,1,0,0
BRDA:0,1,1,2
BRDA:0,2,0,2
BRDA:0,2,1,2
BRDA:10,3,0,0
BRDA:10,3,1,2
BRDA:22,4,0,0
BRDA:22,4,1,2
BRF:8
BRH:6
end_of_record
TN:
SF:/Users/qinlan/Documents/hw4/src/reducers.js
FN:0,(anonymous_1)
FN:0,_toConsumableArray
FN:2,Reducer
FN:115,(anonymous_4)
FNF:4
FNH:3
FNDA:0,(anonymous_1)
FNDA:1,_toConsumableArray
FNDA:8,Reducer
FNDA:0,(anonymous_4)
DA:0,1
DA:2,8
DA:12,8
DA:13,8
DA:15,1
DA:27,0
DA:30,1
DA:35,0
DA:41,2
DA:44,0
DA:47,0
DA:50,0
DA:53,1
DA:62,0
DA:68,0
DA:71,1
DA:75,1
DA:88,0
DA:96,0
DA:108,0
DA:114,0
DA:116,0
DA:117,0
DA:119,0
DA:124,1
DA:127,1
LF:26
LH:12
BRDA:0,1,0,1
BRDA:0,1,1,0
BRDA:0,2,0,0
BRDA:0,2,1,0
BRDA:0,3,0,1
BRDA:0,3,1,0
BRDA:2,4,0,8
BRDA:2,4,1,0
BRDA:2,5,0,8
BRDA:2,5,1,8
BRDA:14,6,0,1
BRDA:14,6,1,0
BRDA:14,6,2,1
BRDA:14,6,3,0
BRDA:14,6,4,2
BRDA:14,6,5,0
BRDA:14,6,6,0
BRDA:14,6,7,0
BRDA:14,6,8,1
BRDA:14,6,9,0
BRDA:14,6,10,0
BRDA:14,6,11,1
BRDA:14,6,12,1
BRDA:14,6,13,0
BRDA:14,6,14,0
BRDA:14,6,15,0
BRDA:14,6,16,0
BRDA:14,6,17,1
BRDA:116,7,0,0
BRDA:116,7,1,0
BRDA:116,8,0,0
BRDA:116,8,1,0
BRF:32
BRH:16
end_of_record
TN:
SF:/Users/qinlan/Documents/hw4/src/reducers.spec.js
FN:0,_interopRequireDefault
FN:7,(anonymous_2)
FN:9,(anonymous_3)
FN:21,(anonymous_4)
FN:28,(anonymous_5)
FN:33,(anonymous_6)
FN:37,(anonymous_7)
FN:41,(anonymous_8)
FN:45,(anonymous_9)
FN:49,(anonymous_10)
FNF:10
FNH:10
FNDA:2,_interopRequireDefault
FNDA:1,(anonymous_2)
FNDA:6,(anonymous_3)
FNDA:6,(anonymous_4)
FNDA:1,(anonymous_5)
FNDA:1,(anonymous_6)
FNDA:1,(anonymous_7)
FNDA:1,(anonymous_8)
FNDA:1,(anonymous_9)
FNDA:1,(anonymous_10)
DA:0,2
DA:1,1
DA:2,1
DA:3,1
DA:7,1
DA:8,1
DA:9,1
DA:10,6
DA:11,0
DA:12,0
DA:13,0
DA:16,6
DA:17,6
DA:18,6
DA:21,1
DA:22,6
DA:23,0
DA:24,0
DA:28,1
DA:29,1
DA:30,1
DA:33,1
DA:37,1
DA:41,1
DA:45,1
DA:49,1
LF:26
LH:21
BRDA:0,1,0,0
BRDA:0,1,1,2
BRDA:0,2,0,2
BRDA:0,2,1,2
BRDA:10,3,0,0
BRDA:10,3,1,6
BRDA:22,4,0,0
BRDA:22,4,1,6
BRF:8
BRH:6
end_of_record
