<?xml version="1.0"?>
<testsuite name="Chrome 57.0.2987 (Mac OS X 10.11.6)" package="" timestamp="2017-03-25T02:48:13" id="0" hostname="Qinlans-MacBook-Pro.local" tests="21" errors="0" failures="0" time="0.044">
  <properties>
    <property name="browser.fullName" value="Mozilla/5.0 (Macintosh; Intel Mac OS X 10_11_6) AppleWebKit/537.36 (KHTML, like Gecko) Chrome/57.0.2987.98 Safari/537.36"/>
  </properties>
  <testcase name="Validate actions (these are functions that dispatch actions) resource should be a resource (i.e., mock a request)" time="0.003" classname="Chrome_57_0_2987_(Mac_OS_X_10_11_6).Validate actions (these are functions that dispatch actions)"/>
  <testcase name="Validate actions (these are functions that dispatch actions) resource should give me the http error" time="0.001" classname="Chrome_57_0_2987_(Mac_OS_X_10_11_6).Validate actions (these are functions that dispatch actions)"/>
  <testcase name="Validate actions (these are functions that dispatch actions) resource should be POSTable" time="0" classname="Chrome_57_0_2987_(Mac_OS_X_10_11_6).Validate actions (these are functions that dispatch actions)"/>
  <testcase name="Validate actions (these are functions that dispatch actions) should update error message (for displaying error mesage to user)" time="0" classname="Chrome_57_0_2987_(Mac_OS_X_10_11_6).Validate actions (these are functions that dispatch actions)"/>
  <testcase name="Validate actions (these are functions that dispatch actions) should update success message (for displaying success message to user)" time="0" classname="Chrome_57_0_2987_(Mac_OS_X_10_11_6).Validate actions (these are functions that dispatch actions)"/>
  <testcase name="Validate actions (these are functions that dispatch actions) should navigate (to profile, main, or landing)" time="0" classname="Chrome_57_0_2987_(Mac_OS_X_10_11_6).Validate actions (these are functions that dispatch actions)"/>
  <testcase name="Validate Article actions should fetch articles (mocked request)" time="0.001" classname="Chrome_57_0_2987_(Mac_OS_X_10_11_6).Validate Article actions"/>
  <testcase name="Validate Article actions should update the search keyword" time="0" classname="Chrome_57_0_2987_(Mac_OS_X_10_11_6).Validate Article actions"/>
  <testcase name="ArticlesView (component tests) should render articles" time="0.011" classname="Chrome_57_0_2987_(Mac_OS_X_10_11_6).ArticlesView (component tests)"/>
  <testcase name="ArticlesView (component tests) should dispatch actions to create a new article" time="0.001" classname="Chrome_57_0_2987_(Mac_OS_X_10_11_6).ArticlesView (component tests)"/>
  <testcase name="Validate Authentication (involves mocked requests) should log in a user" time="0.019" classname="Chrome_57_0_2987_(Mac_OS_X_10_11_6).Validate Authentication (involves mocked requests)"/>
  <testcase name="Validate Authentication (involves mocked requests) should not log in an invalid user" time="0.001" classname="Chrome_57_0_2987_(Mac_OS_X_10_11_6).Validate Authentication (involves mocked requests)"/>
  <testcase name="Validate Authentication (involves mocked requests) should log out a user (state should be cleared)" time="0" classname="Chrome_57_0_2987_(Mac_OS_X_10_11_6).Validate Authentication (involves mocked requests)"/>
  <testcase name="Validate Profile actions (mocked requests) should fetch the user's proile information" time="0.007" classname="Chrome_57_0_2987_(Mac_OS_X_10_11_6).Validate Profile actions (mocked requests)"/>
  <testcase name="Validate Profile actions (mocked requests) should update headline" time="0" classname="Chrome_57_0_2987_(Mac_OS_X_10_11_6).Validate Profile actions (mocked requests)"/>
  <testcase name="Validate reducer (no fetch requests here) should initialize state" time="0" classname="Chrome_57_0_2987_(Mac_OS_X_10_11_6).Validate reducer (no fetch requests here)"/>
  <testcase name="Validate reducer (no fetch requests here) should state success (for displaying success message to user)" time="0" classname="Chrome_57_0_2987_(Mac_OS_X_10_11_6).Validate reducer (no fetch requests here)"/>
  <testcase name="Validate reducer (no fetch requests here) should state error (for displaying error message to user)" time="0" classname="Chrome_57_0_2987_(Mac_OS_X_10_11_6).Validate reducer (no fetch requests here)"/>
  <testcase name="Validate reducer (no fetch requests here) should set the articles" time="0" classname="Chrome_57_0_2987_(Mac_OS_X_10_11_6).Validate reducer (no fetch requests here)"/>
  <testcase name="Validate reducer (no fetch requests here) should set the search keyword" time="0" classname="Chrome_57_0_2987_(Mac_OS_X_10_11_6).Validate reducer (no fetch requests here)"/>
  <testcase name="Validate reducer (no fetch requests here) should filter displayed articles by the search keyword" time="0" classname="Chrome_57_0_2987_(Mac_OS_X_10_11_6).Validate reducer (no fetch requests here)"/>
  <system-out>
    <![CDATA[
]]>
  </system-out>
  <system-err/>
</testsuite>